<?xml version="1.0" encoding="UTF-8" ?>
<testsuite tests="19" failures="0" name="com.accenture.dcsc.springpetclinic_selenium.cucumber.RunCukesTest" time="0.019" errors="0" skipped="0">
  <properties>
[...]
</properties>
  <testcase classname="Scenario: Adding a Pet Owner the Petclinic project." name="Given a User wishes to add a Pet Owner to the Petclinic project." time="0.009"/>
  <testcase classname="Scenario: Adding a Pet Owner the Petclinic project." name="When the User enters the pet Owners details" time="0.004"/>
  <testcase classname="Scenario: Adding a Pet Owner the Petclinic project." name="Then the Pet Owner &quot;John Smith&quot; should be added to the Petclinic Project." time="0"/>
  <testcase classname="Scenario: Adding a Pet Owner the Petclinic project." name="Scenario: Adding a Pet Owner the Petclinic project." time="0.001"/>
  <testcase classname="Scenario: The home page" name="Given I am on the home page" time="0"/>
  <testcase classname="Scenario: The home page" name="Then I should see &quot;PetClinic&quot;" time="0"/>
  <testcase classname="Scenario: The home page" name="Scenario: The home page" time="0"/>
  <testcase classname="Scenario: Vets" name="Given I am on the home page" time="0"/>
  <testcase classname="Scenario: Vets" name="And I follow &quot;/vets.html&quot;" time="0"/>
  <testcase classname="Scenario: Vets" name="Then I should be on the vets, &quot;Veterinarians&quot;, page" time="0"/>
  <testcase classname="Scenario: Vets" name="And I should see &quot;Veterinarians&quot; within h2" time="0"/>
  <testcase classname="Scenario: Vets" name="Scenario: Vets" time="0"/>
  <testcase classname="Scenario: Owners" name="Given I am on the home page" time="0"/>
  <testcase classname="Scenario: Owners" name="And I follow &quot;/owners/find.html&quot;" time="0"/>
  <testcase classname="Scenario: Owners" name="When I fill in &quot;lastName&quot; with &quot;Franklin&quot;" time="0"/>
  <testcase classname="Scenario: Owners" name="And I press &quot;Find Owners&quot;" time="0"/>
  <testcase classname="Scenario: Owners" name="Then I should see &quot;George&quot;" time="0"/>
  <testcase classname="Scenario: Owners" name="And I should see &quot;Franklin&quot;" time="0"/>
  <testcase classname="Scenario: Owners" name="Scenario: Owners" time="0.005"/>
</testsuite>